<?xml version="1.0" encoding="UTF-8"?>
<!-- Generated by org.testng.reporters.JUnitReportReporter -->
<testsuite skipped="0" hostname="anita-ThinkPad-E480" name="com.ts.qa.testcases.LoginpageTest" tests="2" failures="0" timestamp="2019-09-03T18:12:27 IST" time="7.278" errors="0">
  <testcase name="loginPageTitleTest" time="0.049" classname="com.ts.qa.testcases.LoginpageTest"/>
  <testcase name="loginTest" time="7.229" classname="com.ts.qa.testcases.LoginpageTest"/>
</testsuite> <!-- com.ts.qa.testcases.LoginpageTest -->
