<?xml version="1.0" encoding="UTF-8"?>
<!-- Generated by org.testng.reporters.JUnitReportReporter -->
<testsuite skipped="0" hostname="anita-ThinkPad-E480" name="com.qa.tests.DemoTest" tests="2" failures="0" timestamp="2019-08-30T12:44:46 IST" time="0.011" errors="0">
  <testcase name="sum" time="0.001" classname="com.qa.tests.DemoTest"/>
  <testcase name="multiply" time="0.010" classname="com.qa.tests.DemoTest"/>
</testsuite> <!-- com.qa.tests.DemoTest -->
