<?xml version="1.0" encoding="UTF-8"?>
<!-- Generated by org.testng.reporters.JUnitReportReporter -->
<testsuite skipped="0" hostname="anita-ThinkPad-E480" name="com.ts.qa.testcases.LoginpageTest" tests="1" failures="0" timestamp="2019-09-04T17:20:50 IST" time="0.049" errors="0">
  <testcase name="loginPageTitleTest" time="0.049" classname="com.ts.qa.testcases.LoginpageTest"/>
</testsuite> <!-- com.ts.qa.testcases.LoginpageTest -->
