<?xml version="1.0" encoding="UTF-8"?>
<!-- Generated by org.testng.reporters.JUnitReportReporter -->
<testsuite skipped="0" hostname="anita-ThinkPad-E480" name="com.qa.tests.Demotest2" tests="1" failures="0" timestamp="2019-08-30T15:16:00 IST" time="0.000" errors="0">
  <testcase name="division" time="0.000" classname="com.qa.tests.Demotest2"/>
</testsuite> <!-- com.qa.tests.Demotest2 -->
